20230219	22:49:22	e83e798d-104c-45ad-9926-702736972b39	GET	/	undefined
20230219	22:49:22	c369ac0d-74f3-4d3a-a9d9-7274cf24f674	GET	/css/style.css	undefined
20230219	22:49:32	5286a641-db9d-4240-9a39-568806a5e4a2	GET	/dave	undefined
20230219	22:49:32	f903dd54-165e-4d01-8e8e-72700c8e3ecf	GET	/css/style.css	undefined
20230219	22:49:33	0ab7cd8d-9c58-458a-8ca9-255e6e90e9ea	GET	/css/style.css	undefined
20230219	23:55:50	487b2d58-2eee-4827-baa1-db71ae2d9ee0	GET	/	undefined
20230219	23:55:50	ef9fea87-fb5c-4d5f-aad8-0cea3f3356d4	GET	/css/style.css	undefined
20230219	23:56:18	88587be3-5432-4fee-b635-0ca2a87e44a0	GET	/	undefined
20230219	23:56:18	a961fa84-de31-484c-831d-9b785dff0a79	GET	/css/style.css	undefined
20230220	01:26:56	28c1d8fd-5a11-4a90-b4e4-8a8decfc8130	GET	/users	undefined
20230220	01:32:10	46fe17cc-05c1-4f13-8149-2b632015ab72	POST	/users	undefined
20230220	01:33:28	6187ffcd-849f-40a8-a049-e60b07ab5b4b	POST	/users	undefined
20230220	01:33:45	42d4883b-a262-423c-a25d-e96252165aeb	POST	/users	undefined
20230220	01:35:39	629a24f1-446a-4fb6-b21e-b92e50cca5e2	POST	/users	undefined
20230220	01:36:43	be3168b0-88ab-4200-a437-4699f5e8b5ff	POST	/users	undefined
20230220	01:36:50	c5259a25-69d4-42e7-b369-9ad63ba461af	POST	/users	undefined
20230220	01:38:26	e362681e-85fc-4a1f-8d15-56671dec6da5	POST	/users	undefined
20230220	01:38:41	37b47f75-158c-4e89-be88-6aa588acd77b	POST	/users	undefined
20230220	01:39:17	c58a9e7c-1bc7-49fc-a8f1-07507efd9e22	GET	/users	undefined
20230220	01:39:57	301fc653-9185-4fca-8a9a-9c6e74e4d23f	GET	/users	undefined
20230220	01:40:06	3a8b65e9-4cde-4c0d-a62f-8f4270f12be4	POST	/users	undefined
20230220	15:54:08	a6dcdd42-7915-45ec-9797-4f8655e0c4bf	POST	/users	undefined
20230220	15:58:50	050e7e59-299b-4eb6-8765-43398ab15a08	POST	/users	undefined
20230220	15:59:09	9cdd50db-ff71-4a1b-ac4c-776e9c7b9847	POST	/users	undefined
20230220	16:00:19	0e3e1f8c-c9fb-4f6e-af1c-e96e1da1943a	POST	/users	undefined
20230220	16:00:32	3bdab32a-88c8-4669-a9ae-eb69e1d9f40f	POST	/users	undefined
20230220	16:00:45	495584ef-9910-4062-9d41-e80242231944	POST	/users	undefined
20230220	16:01:10	fa4325be-36bb-453b-9296-059b28f25589	POST	/users	undefined
20230220	16:01:15	9db718d6-120c-4e33-88c5-9ccf43171024	POST	/users	undefined
20230220	16:02:17	088f1eb1-d526-49b1-a623-ed7410579f50	POST	/users	undefined
20230220	16:02:26	ca7b7dd0-664f-4ba0-93ec-e59cf1b99d2f	POST	/users	undefined
20230220	16:02:34	cfcdd5ce-4b8b-424a-9865-54176da8bc00	POST	/users	undefined
20230220	16:03:09	273e1d66-cb40-4119-b329-d69f05e46544	POST	/users	undefined
20230220	16:03:21	80486cac-a11b-4420-ad36-ce0781a33c02	GET	/users	undefined
20230220	16:03:30	b574be55-4765-4804-9bc2-5c2c290eec50	POST	/users	undefined
20230220	16:03:42	d70dded6-cd4b-49c8-9785-b0d1ace84304	POST	/users	undefined
20230220	16:05:59	e4c9d3f4-5f6a-46ef-ac54-3bc5a4014801	GET	/	undefined
20230220	16:05:59	98f8ec16-4606-4e9e-ac83-fd7fd9dcb780	GET	/css/style.css	undefined
20230220	16:11:23	8ec7cb99-cfd6-48ad-a5a1-3b6a4a056c7d	POST	/users	undefined
20230220	16:11:25	2481cdc9-c646-4efa-a4fe-a2bfca1d418c	POST	/users	undefined
20230220	16:11:30	a23efd27-7bc0-4759-a75c-9702f7c11506	GET	/users	undefined
20230220	16:11:38	66c9989a-7b8e-4b09-be48-8ec48cb751a8	POST	/users	undefined
20230220	16:11:47	4a9f2bd5-b486-4125-8262-fb4f4f9eb4a6	POST	/users	undefined
20230220	16:13:34	bc82d049-a028-4966-8500-d924736be225	POST	/users	undefined
20230220	16:13:39	a60fbf3d-7a1e-4045-a9b7-97a0410a56c0	GET	/users	undefined
20230220	16:15:46	241e5fb0-df83-4467-9048-6f6b9e4c19bb	POST	/users	undefined
20230220	16:16:02	6ba19365-281c-4248-9a6f-24a2d172f1a9	POST	/users	undefined
20230220	16:16:10	f91cae45-3bfc-4711-a943-c86a705d9b96	POST	/users	undefined
20230220	16:16:14	c89f976b-4b1c-42b2-bd82-76904d52da47	GET	/users	undefined
20230220	16:18:36	3feee079-4ca5-497f-be9e-4609ac145ced	GET	/users	undefined
20230220	16:21:01	0cc112f8-e1f4-453a-926f-f9514d2e4f06	POST	/users	undefined
20230220	16:21:41	bf2014a4-a849-4946-8567-4c714d6fd876	POST	/users	undefined
20230220	16:21:50	7f039860-3bbf-43e7-9fcd-4dd9c10ed319	POST	/users	undefined
20230220	16:21:55	fb93f7c2-5842-42e4-b2d7-b8cccbec4849	POST	/users	undefined
20230220	16:22:08	e92dc23f-a190-4422-8d43-0035609e8815	POST	/users	undefined
20230220	16:32:52	2e87b1c9-e4b1-46d4-a3bb-7162203fd292	POST	/users	undefined
20230220	16:34:06	466d15dc-8abc-4a52-a5d9-3895e64232d1	POST	/users	undefined
20230220	16:34:48	e0bb1119-1a54-4cc1-9876-9243e0ad1956	GET	/users	undefined
20230220	16:38:37	2787ff12-6242-4d5b-81f2-71279436bf9a	POST	/users	undefined
20230220	16:38:55	ad25b820-e07c-489e-b377-7ddcfe0b8973	POST	/users	undefined
20230220	16:39:27	5b837d27-8e43-4ad6-a3d8-26c96a57628d	GET	/users	undefined
20230220	16:39:38	deef5cb8-5f3d-4eb4-9bcb-14b641264203	POST	/users	undefined
20230220	16:40:09	18bb9b82-b25f-4fa7-b0e1-b99b9a6de2c6	POST	/users	undefined
20230220	16:40:24	93e1114a-c4e7-4b00-831d-a09b1b6675a7	POST	/users	undefined
20230220	16:40:45	0346c9d2-21da-423d-957e-0afc2c96c281	POST	/users	undefined
20230220	16:41:01	c7faf049-9821-41de-9c75-4bfaf018d962	POST	/users	undefined
20230220	16:41:13	440540eb-b050-4385-8b42-0cb3a65493b6	POST	/users	undefined
20230220	16:41:29	ecf21d46-3f74-4daa-99f1-03039292a61a	POST	/users	undefined
20230220	16:41:39	d511c125-c68e-4344-8e28-9c171c2782f1	POST	/users	undefined
20230220	16:41:51	7144e4da-c10d-429d-8efc-9eceda4303f2	POST	/users	undefined
20230220	16:44:30	b853d20b-a1e1-4d43-81da-2d85aa911477	POST	/users	undefined
20230220	16:44:40	a14041a9-ce43-4c57-8d71-4da3f1528ec1	POST	/users	undefined
20230220	16:45:28	48c9d707-aee1-44f0-9792-eefb158d0bb2	POST	/users	undefined
20230220	16:46:12	1e12aceb-0f93-4f0a-a567-ed31a9a9f138	GET	/users	undefined
20230220	16:47:23	839fb0a6-1ae4-4518-8ba9-61c39875d965	GET	/users	undefined
20230220	16:47:30	c963eea4-5dbb-489e-80d9-ee38b74b9ade	POST	/users	undefined
20230220	16:47:50	93e9c59f-4637-4060-9630-0b4e928880f4	POST	/users	undefined
20230220	16:47:56	81252e30-803e-4d1a-809d-3877aa0ad2ba	GET	/users	undefined
20230220	16:49:50	6593aa0f-9d18-4e08-a27e-33f51c7c94fd	PATCH	/users	undefined
20230220	16:51:21	3f0ac939-9b8f-4f82-98b1-c1ba904e0954	POST	/users	undefined
20230220	16:51:54	9d9eb3e1-af54-4c3d-99a0-02affed5f10b	POST	/users	undefined
20230220	16:52:22	e5228053-2d89-442f-8c02-908abdd4abc4	POST	/users	undefined
20230220	16:52:29	5c57e9c5-d2cf-4d36-a1df-0b1a13dbcdef	GET	/users	undefined
20230220	16:53:49	b66d35cc-1ed5-4876-b538-9a746292d370	PATCH	/users	undefined
20230220	16:54:02	11847af4-f3b9-446e-ace6-7ee78d51316c	PATCH	/users	undefined
20230220	16:54:38	b5c4f8e3-2310-4eea-bfed-6a8cee209d31	PATCH	/users	undefined
20230220	16:54:45	7f9611b0-1313-4b67-a00f-7d0a3a0164ba	GET	/users	undefined
20230220	16:56:48	dcf6d7a2-efb0-4ae4-b44f-6fe7d3cf9cc6	POST	/users	undefined
20230220	16:58:05	7b1f83cb-a461-47d3-adee-63ee28ac1774	GET	/users	undefined
20230220	16:58:52	7ce32a58-ecdb-4b64-aa0d-1c960ed63e9e	DELETE	/users	undefined
20230220	17:03:20	1ca540c8-6068-4be5-bcfa-e69d8bdf1864	POST	/api/signup	http://localhost:3001
20230220	17:03:23	767edb03-1b4a-499c-bc96-ca5f30324ad1	POST	/api/signup	http://localhost:3001
20230220	21:50:07	eeffcf6c-3e32-4beb-8b78-d0d0e33690b6	GET	/	undefined
20230220	21:50:07	23a06266-ea6c-4f9a-ad78-887ecd135166	GET	/css/style.css	undefined
20230220	22:01:56	879dbf73-a4be-4cde-8262-9e45ef759919	GET	/users	undefined
20230220	22:30:20	1fdd5632-07db-4fa8-aedd-854e3e916272	GET	/favicon.ico	undefined
20230220	22:51:25	37b434dc-22ae-4939-b307-cdf24df39cf8	POST	/record/add	http://localhost:3001
20230220	22:57:15	c1206afd-17ce-49a3-b5a9-28d5311c20f8	POST	/record/add	http://localhost:3001
20230220	23:02:50	f914a808-cc6e-49f3-9e79-3c96a60304ea	POST	/record/add	http://localhost:3001
20230220	23:11:40	ebcf4e3b-5a7e-4d3c-be34-f931500057f4	POST	/record/add	http://localhost:3001
20230220	23:11:40	f2b67aa8-90b1-4734-a26a-2d47414ff486	GET	/record/	undefined
20230220	23:11:40	1ef5ca43-da9d-4963-b113-631ffafd3626	GET	/record/	undefined
20230220	23:12:02	ccd0cd1c-ed12-4e59-8a12-5709d9fd0848	GET	/record/	undefined
20230220	23:12:02	1da9c583-e7a9-4467-b6e6-053007f57577	GET	/record/	undefined
20230220	23:13:49	1b061c4c-f7e7-4a7e-8197-41a93bfd9a75	GET	/record/	undefined
20230220	23:13:49	7a07e93b-d7e4-4921-9fe4-6e1929106bc0	GET	/record/	undefined
20230220	23:14:05	6c25905c-c5f5-40e3-965f-c4803dde2110	POST	/record/add	http://localhost:3001
20230220	23:14:05	9c685556-83b5-44b6-ae32-e913f27741de	GET	/record/	undefined
20230220	23:14:05	529a8f0a-c612-4a13-a15d-9c7b23017031	GET	/record/	undefined
20230221	17:33:45	f3a5611c-2b5f-48d4-98ec-86318051fd69	GET	/favicon.ico	undefined
20230221	17:33:58	e33da9f6-2b95-417f-8593-8d9ba55be037	GET	/	undefined
20230221	17:33:58	689d0731-9d4b-448a-943c-1c00e6be2b96	GET	/css/style.css	undefined
20230221	17:33:58	61ee481c-b6a4-4063-8bd7-daa29957b538	GET	/favicon.ico	undefined
20230221	18:55:45	4e465c55-879f-41d4-8a90-cd6e3966f9a5	POST	/api/signup	http://localhost:3001
20230221	18:55:47	98dd4999-dc68-4e06-8f6e-918c618bf985	POST	/api/signup	http://localhost:3001
20230221	18:58:32	97acc888-dfb1-4f50-a3b1-f0d43166d738	POST	/message	http://localhost:3001
20230221	19:00:26	c8aae87a-3a3e-4b0f-bf36-2eead714542a	GET	/favicon.ico	undefined
20230221	19:00:52	6e4fcfb7-b149-45ea-aca8-397d7511fc0c	POST	/api/signup	http://localhost:3001
20230226	13:52:16	6d635cb4-a22b-479a-be4d-3c43ea526e38	GET	/favicon.ico	undefined
20230226	14:36:12	f0e448f4-b9a8-48ce-9da5-cb6926b97531	GET	/assets/volunteer.jpeg	undefined
20230226	14:36:15	346efb8a-f299-489a-a708-82ac882a6567	GET	/assets/volunteer.jpeg	undefined
20230226	14:55:25	f74b3f6c-5a27-4679-bdbb-502c70f9ec29	POST	/message	http://localhost:3001
20230226	14:56:57	af994dc0-2fdd-4cd4-a02c-2b51eea7c50b	POST	/api/signup	http://localhost:3001
20230226	14:56:59	117826ce-78e1-486d-bd31-6b27b74ce53c	POST	/api/signup	http://localhost:3001
20230226	14:57:16	b300ab22-7fc3-492a-82c3-a8f2f7160979	POST	/api/signin	http://localhost:3001
20230228	23:34:54	430dc6e4-8d98-4018-bafa-8de0d79ac23e	GET	/	undefined
20230228	23:34:54	0d30e2de-35d1-41e8-a987-a52512afdebc	GET	/css/style.css	undefined
20230228	23:34:55	ccd9c310-2f5e-4a97-9a8d-2362cecea5c1	GET	/favicon.ico	undefined
20230228	23:35:15	53992523-e955-49d8-b543-c5446f5388fb	GET	/	undefined
20230228	23:35:15	e9322f00-8b23-4648-a728-56a21d3f1c75	GET	/css/style.css	undefined
20230228	23:35:54	56a858cd-65e3-4cdd-99c1-fc042e1b64e2	GET	/volunteers	undefined
20230228	23:35:59	82dc8fed-b7a7-4094-b402-8050f7243393	GET	/	undefined
20230228	23:35:59	e0568b2e-02ca-442d-a9b1-b729e3922aa6	GET	/css/style.css	undefined
20230228	23:36:21	fb462794-7ef2-4bc5-bb54-aaf530bc7945	GET	/ws	http://localhost:3001
20230228	23:36:24	ffc6267c-61de-45f9-8826-6804d81271fe	GET	/ws	http://localhost:3001
20230228	23:36:29	dbb0e667-765e-47fb-970f-2f1db001cd3d	GET	/ws	http://localhost:3001
20230228	23:36:36	9fb9091e-47d5-48c6-af88-5c872f8d52ba	GET	/favicon.ico	undefined
20230228	23:36:38	db2ec9c1-2850-43c4-a4fb-2f7b70c09d09	GET	/ws	http://localhost:3001
20230228	23:36:56	6ec530f7-7c12-41ef-aad6-3b3654bb3b66	GET	/ws	http://localhost:3001
20230228	23:37:38	b7a07a48-7a84-4894-82f6-9661d3e156e5	GET	/ws	http://localhost:3001
20230228	23:37:41	de766990-9d71-418a-8753-36f3d2735ce6	POST	/api/signin	http://localhost:3001
20230228	23:38:51	68fd7f1c-25b3-43b7-9587-b7918b565eac	GET	/ws	http://localhost:3001
20230228	23:41:02	e7812e9e-45ba-4119-83f0-00557766ca9c	GET	/ws	http://localhost:3001
20230228	23:45:26	b1cc1ffb-2815-43f7-950a-d481cb9e1e27	GET	/ws	http://localhost:3001
20230228	23:48:16	a146459b-2aa7-444b-91e7-674ee67df4b5	POST	/api/signin	http://localhost:3001
20230228	23:48:31	ce886d2a-830f-4d4c-9f3c-b7c5058f1d90	GET	/favicon.ico	undefined
20230228	23:48:32	3d5a45eb-fba9-4dbc-99a4-ae098d688f38	GET	/favicon.ico	undefined
20230228	23:48:33	31c3e9ad-da06-4849-85fa-8306bfc67473	GET	/favicon.ico	undefined
20230228	23:48:39	bf8e4ab5-11ee-4d27-a85b-d37aa4836f90	POST	/api/signin	http://localhost:3001
20230228	23:48:39	a70a8ee3-e25c-46b9-827b-91e3885a9ff7	GET	/favicon.ico	undefined
20230228	23:48:40	56bb549f-9889-4cbd-b8e7-e85735f41a71	GET	/favicon.ico	undefined
20230228	23:49:09	9b4fc2dd-fc74-44c5-be18-248bfe630686	GET	/favicon.ico	undefined
20230228	23:49:10	879f71fd-23c8-42f0-b7d8-118431132297	GET	/favicon.ico	undefined
20230228	23:49:18	3f1cbfe5-bded-442b-9340-4d7438dc57ea	GET	/favicon.ico	undefined
20230228	23:49:19	99d2441f-60ab-4db9-8577-c8cd1fa543d3	GET	/favicon.ico	undefined
20230228	23:49:48	9962c371-f4e5-4b76-90bc-cdacd9e5b2fe	GET	/favicon.ico	undefined
20230228	23:49:49	17f8c82a-b6af-4e3a-a21e-259d3e6f0eb9	GET	/favicon.ico	undefined
20230228	23:50:09	e982b831-319b-4e0d-a85d-8417415cf0d4	GET	/favicon.ico	undefined
20230228	23:50:10	80102fb1-b8ec-4434-9c43-251aa27a1014	GET	/favicon.ico	undefined
20230228	23:50:39	e8cb9945-c58c-47d8-89ff-fad8fd6a6b95	GET	/favicon.ico	undefined
20230228	23:50:40	70a6a5ce-99c3-4045-809a-7d370b6bb78a	GET	/favicon.ico	undefined
20230228	23:51:18	b172ddb3-97a7-46cb-a190-71a635f09d8d	GET	/favicon.ico	undefined
20230228	23:51:19	fe658895-6b49-4937-b1e4-70f2ff2299e5	GET	/favicon.ico	undefined
20230228	23:51:48	78f70a0b-4315-4749-aa56-5b4d506cedef	GET	/favicon.ico	undefined
20230228	23:51:49	d41834f3-d557-4d03-a311-659750a2e86d	GET	/favicon.ico	undefined
20230228	23:52:17	9bc77198-3c21-4801-8331-3aea653098f2	GET	/favicon.ico	undefined
20230228	23:52:19	dcf2cc5e-453c-4282-9634-30d1f4d24b93	GET	/favicon.ico	undefined
20230228	23:52:48	a6388bb3-0031-4de8-af2c-2621a108293e	GET	/favicon.ico	undefined
20230228	23:52:49	170525e7-2ec0-4767-a282-07c00b623767	GET	/favicon.ico	undefined
20230228	23:53:08	91f142f5-1c16-4c27-b60c-0f781dc2ea0d	GET	/favicon.ico	undefined
20230228	23:53:09	4f43041c-623d-47b4-bf2c-848f78c01cb9	GET	/favicon.ico	undefined
20230228	23:54:08	44948d0a-9bbf-4c55-916c-6f86f42cdff0	GET	/ws	http://localhost:3001
20230301	00:00:49	55887f44-cd97-4b68-8734-fb02ab468b2a	GET	/api/logout	undefined
20230301	00:00:49	72e95690-b41f-463c-8377-0fc319f9a569	GET	/api/logout	undefined
20230301	00:01:41	930ad33f-3ee2-474a-ac3b-74767fc6ef35	GET	/api/logout	undefined
20230301	00:01:41	f92b1a04-b4f4-4865-bcf7-7c05e963781e	GET	/api/logout	undefined
20230301	08:00:30	e9e169b0-0eae-46a1-b715-b043c8b7a6f4	GET	/	undefined
20230301	08:00:30	089a3196-6542-4cf7-bf8d-3cf531e9780b	GET	/css/style.css	undefined
20230301	09:39:52	76683934-b884-4016-8def-69a6dc026a7e	GET	/assets/cybersecurityresearch.jpg	undefined
20230301	09:45:28	1beb9fdc-1603-468a-990a-0a2e026662ce	GET	/assets/volunteer.jpeg	undefined
20230301	09:45:35	1bb2ecd3-ef32-474b-8307-2457be3739b9	GET	/assets/volunteer.jpeg	undefined
20230301	10:53:58	134dc075-5ef5-487b-8d7e-109e8ce4582d	GET	/research	undefined
20230301	10:54:03	3ce6f0c9-070b-4664-9ed0-ca4f9793b69d	GET	/	undefined
20230301	10:54:03	c947e667-d3e6-4254-a2fc-fcd351355e8f	GET	/css/style.css	undefined
